<?xml version="1.0" encoding="UTF-8"?>
<testsuite xmlns:xsi="http://www.w3.org/2001/XMLSchema-instance" xsi:noNamespaceSchemaLocation="https://maven.apache.org/surefire/maven-failsafe-plugin/xsd/failsafe-test-report-3.0.xsd" version="3.0" name="com.leonardtrinh.supportsaas.tenant.TenantIsolationIT" time="7.713" tests="7" errors="0" skipped="0" failures="0">
  <properties>
[...]
</properties>
  <testcase name="memberRepo_noTenantContext_filterNotApplied" classname="com.leonardtrinh.supportsaas.tenant.TenantIsolationIT" time="0.966">
    <system-out><![CDATA[10:18:33.309 [main] INFO org.springframework.test.context.support.AnnotationConfigContextLoaderUtils -- Could not detect default configuration classes for test class [com.leonardtrinh.supportsaas.tenant.TenantIsolationIT]: TenantIsolationIT does not declare any static, non-private, non-final, nested classes annotated with @Configuration.
10:18:33.352 [main] INFO org.springframework.boot.test.context.SpringBootTestContextBootstrapper -- Found @SpringBootConfiguration com.leonardtrinh.supportsaas.SupportSaasApplication for test class com.leonardtrinh.supportsaas.tenant.TenantIsolationIT

  .   ____          _            __ _ _
 /\\ / ___'_ __ _ _(_)_ __  __ _ \ \ \ \
( ( )\___ | '_ | '_| | '_ \/ _` | \ \ \ \
 \\/  ___)| |_)| | | | | || (_| |  ) ) ) )
  '  |____| .__|_| |_|_| |_\__, | / / / /
 =========|_|==============|___/=/_/_/_/

 :: Spring Boot ::                (v3.3.5)

2026-05-10T10:18:33.494+07:00  INFO 67892 --- [spring-saas-support-ai] [           main] c.l.s.tenant.TenantIsolationIT           : Starting TenantIsolationIT using Java 23.0.2 with PID 67892 (started by leonard in /Users/leonard/Workspace/leonard-garden/spring-saas-support-ai)
2026-05-10T10:18:33.494+07:00  INFO 67892 --- [spring-saas-support-ai] [           main] c.l.s.tenant.TenantIsolationIT           : The following 1 profile is active: "test"
2026-05-10T10:18:33.892+07:00  INFO 67892 --- [spring-saas-support-ai] [           main] .s.d.r.c.RepositoryConfigurationDelegate : Bootstrapping Spring Data JPA repositories in DEFAULT mode.
2026-05-10T10:18:33.922+07:00  INFO 67892 --- [spring-saas-support-ai] [           main] .s.d.r.c.RepositoryConfigurationDelegate : Finished Spring Data repository scanning in 27 ms. Found 9 JPA repository interfaces.
2026-05-10T10:18:34.254+07:00  INFO 67892 --- [spring-saas-support-ai] [           main] o.s.b.w.embedded.tomcat.TomcatWebServer  : Tomcat initialized with port 0 (http)
2026-05-10T10:18:34.259+07:00  INFO 67892 --- [spring-saas-support-ai] [           main] o.apache.catalina.core.StandardService   : Starting service [Tomcat]
2026-05-10T10:18:34.259+07:00  INFO 67892 --- [spring-saas-support-ai] [           main] o.apache.catalina.core.StandardEngine    : Starting Servlet engine: [Apache Tomcat/10.1.31]
2026-05-10T10:18:34.279+07:00  INFO 67892 --- [spring-saas-support-ai] [           main] o.a.c.c.C.[Tomcat].[localhost].[/]       : Initializing Spring embedded WebApplicationContext
2026-05-10T10:18:34.280+07:00  INFO 67892 --- [spring-saas-support-ai] [           main] w.s.c.ServletWebServerApplicationContext : Root WebApplicationContext: initialization completed in 778 ms
2026-05-10T10:18:34.435+07:00  INFO 67892 --- [spring-saas-support-ai] [           main] com.zaxxer.hikari.HikariDataSource       : HikariPool-1 - Starting...
2026-05-10T10:18:34.456+07:00  INFO 67892 --- [spring-saas-support-ai] [           main] org.testcontainers.images.PullPolicy     : Image pull policy will be performed by: DefaultPullPolicy()
2026-05-10T10:18:34.457+07:00  INFO 67892 --- [spring-saas-support-ai] [           main] o.t.utility.ImageNameSubstitutor         : Image name substitution will be performed by: DefaultImageNameSubstitutor (composite of 'ConfigurationFileImageNameSubstitutor' and 'PrefixingImageNameSubstitutor')
2026-05-10T10:18:34.461+07:00  INFO 67892 --- [spring-saas-support-ai] [           main] org.testcontainers.DockerClientFactory   : Testcontainers version: 1.20.3
2026-05-10T10:18:34.537+07:00  INFO 67892 --- [spring-saas-support-ai] [           main] o.t.d.DockerClientProviderStrategy       : Loaded org.testcontainers.dockerclient.UnixSocketClientProviderStrategy from ~/.testcontainers.properties, will try it first
2026-05-10T10:18:34.652+07:00  INFO 67892 --- [spring-saas-support-ai] [           main] o.t.d.DockerClientProviderStrategy       : Found Docker environment with local Unix socket (unix:///var/run/docker.sock)
2026-05-10T10:18:34.653+07:00  INFO 67892 --- [spring-saas-support-ai] [           main] org.testcontainers.DockerClientFactory   : Docker host IP address is localhost
2026-05-10T10:18:34.663+07:00  INFO 67892 --- [spring-saas-support-ai] [           main] org.testcontainers.DockerClientFactory   : Connected to docker: 
  Server Version: 28.1.1
  API Version: 1.49
  Operating System: Docker Desktop
  Total Memory: 7836 MB
  Labels: 
    com.docker.desktop.address=unix:///Users/leonard/Library/Containers/com.docker.docker/Data/docker-cli.sock
2026-05-10T10:18:34.765+07:00  INFO 67892 --- [spring-saas-support-ai] [           main] tc.testcontainers/ryuk:0.9.0             : Creating container for image: testcontainers/ryuk:0.9.0
2026-05-10T10:18:34.875+07:00  INFO 67892 --- [spring-saas-support-ai] [           main] o.t.utility.RegistryAuthLocator          : Failure when attempting to lookup auth config. Please ignore if you don't have images in an authenticated registry. Details: (dockerImageName: testcontainers/ryuk:0.9.0, configFile: /Users/leonard/.docker/config.json, configEnv: DOCKER_AUTH_CONFIG). Falling back to docker-java default behaviour. Exception message: Unrecognized token 'credentials': was expecting ('true', 'false' or 'null')
 at [Source: credentials not found in native keychain; line: 1, column: 12]
2026-05-10T10:18:34.933+07:00  INFO 67892 --- [spring-saas-support-ai] [           main] tc.testcontainers/ryuk:0.9.0             : Container testcontainers/ryuk:0.9.0 is starting: 10975efc6fa788dc33bac6a15c25cf10818fa46946134f125465300cf0a48186
2026-05-10T10:18:35.094+07:00  INFO 67892 --- [spring-saas-support-ai] [           main] tc.testcontainers/ryuk:0.9.0             : Container testcontainers/ryuk:0.9.0 started in PT0.329113S
2026-05-10T10:18:35.100+07:00  INFO 67892 --- [spring-saas-support-ai] [           main] o.t.utility.RyukResourceReaper           : Ryuk started - will monitor and terminate Testcontainers containers on JVM exit
2026-05-10T10:18:35.100+07:00  INFO 67892 --- [spring-saas-support-ai] [           main] org.testcontainers.DockerClientFactory   : Checking the system...
2026-05-10T10:18:35.100+07:00  INFO 67892 --- [spring-saas-support-ai] [           main] org.testcontainers.DockerClientFactory   : ✔︎ Docker server version should be at least 1.6.0
2026-05-10T10:18:35.101+07:00  INFO 67892 --- [spring-saas-support-ai] [           main] tc.postgres:16                           : Creating container for image: postgres:16
2026-05-10T10:18:35.139+07:00  INFO 67892 --- [spring-saas-support-ai] [           main] tc.postgres:16                           : Container postgres:16 is starting: 30dcd17a2a9bc926d92b91fc705c22a1e539f266fdb6af03020fa7836b34d90e
2026-05-10T10:18:35.835+07:00  INFO 67892 --- [spring-saas-support-ai] [           main] tc.postgres:16                           : Container postgres:16 started in PT0.734001S
2026-05-10T10:18:35.836+07:00  INFO 67892 --- [spring-saas-support-ai] [           main] tc.postgres:16                           : Container is started (JDBC URL: jdbc:postgresql://localhost:50995/test?loggerLevel=OFF)
2026-05-10T10:18:35.905+07:00  INFO 67892 --- [spring-saas-support-ai] [           main] com.zaxxer.hikari.pool.HikariPool        : HikariPool-1 - Added connection org.testcontainers.jdbc.ConnectionWrapper@62871522
2026-05-10T10:18:35.906+07:00  INFO 67892 --- [spring-saas-support-ai] [           main] com.zaxxer.hikari.HikariDataSource       : HikariPool-1 - Start completed.
2026-05-10T10:18:35.921+07:00  INFO 67892 --- [spring-saas-support-ai] [           main] org.flywaydb.core.FlywayExecutor         : Database: jdbc:postgresql://localhost:50995/test (PostgreSQL 16.13)
2026-05-10T10:18:35.938+07:00  INFO 67892 --- [spring-saas-support-ai] [           main] o.f.c.i.s.JdbcTableSchemaHistory         : Schema history table "public"."flyway_schema_history" does not exist yet
2026-05-10T10:18:35.940+07:00  INFO 67892 --- [spring-saas-support-ai] [           main] o.f.core.internal.command.DbValidate     : Successfully validated 12 migrations (execution time 00:00.009s)
2026-05-10T10:18:35.948+07:00  INFO 67892 --- [spring-saas-support-ai] [           main] o.f.c.i.s.JdbcTableSchemaHistory         : Creating Schema History table "public"."flyway_schema_history" ...
2026-05-10T10:18:35.982+07:00  INFO 67892 --- [spring-saas-support-ai] [           main] o.f.core.internal.command.DbMigrate      : Current version of schema "public": << Empty Schema >>
2026-05-10T10:18:35.985+07:00  INFO 67892 --- [spring-saas-support-ai] [           main] o.f.core.internal.command.DbMigrate      : Migrating schema "public" to version "1 - init"
2026-05-10T10:18:35.997+07:00  INFO 67892 --- [spring-saas-support-ai] [           main] o.f.core.internal.command.DbMigrate      : Migrating schema "public" to version "2 - create businesses"
2026-05-10T10:18:36.008+07:00  INFO 67892 --- [spring-saas-support-ai] [           main] o.f.core.internal.command.DbMigrate      : Migrating schema "public" to version "3 - create plans"
2026-05-10T10:18:36.020+07:00  INFO 67892 --- [spring-saas-support-ai] [           main] o.f.core.internal.command.DbMigrate      : Migrating schema "public" to version "4 - create members"
2026-05-10T10:18:36.029+07:00  INFO 67892 --- [spring-saas-support-ai] [           main] o.f.core.internal.command.DbMigrate      : Migrating schema "public" to version "5 - create invitations"
2026-05-10T10:18:36.038+07:00  INFO 67892 --- [spring-saas-support-ai] [           main] o.f.core.internal.command.DbMigrate      : Migrating schema "public" to version "6 - create refresh tokens"
2026-05-10T10:18:36.049+07:00  INFO 67892 --- [spring-saas-support-ai] [           main] o.f.core.internal.command.DbMigrate      : Migrating schema "public" to version "7 - create audit logs"
2026-05-10T10:18:36.065+07:00  INFO 67892 --- [spring-saas-support-ai] [           main] o.f.core.internal.command.DbMigrate      : Migrating schema "public" to version "8 - seed plans"
2026-05-10T10:18:36.073+07:00  INFO 67892 --- [spring-saas-support-ai] [           main] o.f.core.internal.command.DbMigrate      : Migrating schema "public" to version "9 - create subscriptions"
2026-05-10T10:18:36.084+07:00  INFO 67892 --- [spring-saas-support-ai] [           main] o.f.core.internal.command.DbMigrate      : Migrating schema "public" to version "10 - create password reset tokens"
2026-05-10T10:18:36.093+07:00  INFO 67892 --- [spring-saas-support-ai] [           main] o.f.core.internal.command.DbMigrate      : Migrating schema "public" to version "11 - create email verification tokens"
2026-05-10T10:18:36.103+07:00  INFO 67892 --- [spring-saas-support-ai] [           main] o.f.core.internal.command.DbMigrate      : Migrating schema "public" to version "12 - alter invitations"
2026-05-10T10:18:36.113+07:00  INFO 67892 --- [spring-saas-support-ai] [           main] o.f.core.internal.command.DbMigrate      : Successfully applied 12 migrations to schema "public", now at version v12 (execution time 00:00.044s)
2026-05-10T10:18:36.159+07:00  INFO 67892 --- [spring-saas-support-ai] [           main] o.hibernate.jpa.internal.util.LogHelper  : HHH000204: Processing PersistenceUnitInfo [name: default]
2026-05-10T10:18:36.180+07:00  INFO 67892 --- [spring-saas-support-ai] [           main] org.hibernate.Version                    : HHH000412: Hibernate ORM core version 6.5.3.Final
2026-05-10T10:18:36.192+07:00  INFO 67892 --- [spring-saas-support-ai] [           main] o.h.c.internal.RegionFactoryInitiator    : HHH000026: Second-level cache disabled
2026-05-10T10:18:36.291+07:00  INFO 67892 --- [spring-saas-support-ai] [           main] o.s.o.j.p.SpringPersistenceUnitInfo      : No LoadTimeWeaver setup: ignoring JPA class transformer
2026-05-10T10:18:36.645+07:00  INFO 67892 --- [spring-saas-support-ai] [           main] o.h.e.t.j.p.i.JtaPlatformInitiator       : HHH000489: No JTA platform available (set 'hibernate.transaction.jta.platform' to enable JTA platform integration)
2026-05-10T10:18:36.663+07:00  INFO 67892 --- [spring-saas-support-ai] [           main] j.LocalContainerEntityManagerFactoryBean : Initialized JPA EntityManagerFactory for persistence unit 'default'
2026-05-10T10:18:36.747+07:00  INFO 67892 --- [spring-saas-support-ai] [           main] o.s.d.j.r.query.QueryEnhancerFactory     : Hibernate is in classpath; If applicable, HQL parser will be used.
2026-05-10T10:18:37.115+07:00  WARN 67892 --- [spring-saas-support-ai] [           main] .s.s.UserDetailsServiceAutoConfiguration : 

Using generated security password: 015d2781-1a45-4136-8e2b-3b10cb8fc3b0

This generated password is for development use only. Your security configuration must be updated before running your application in production.

2026-05-10T10:18:37.117+07:00  INFO 67892 --- [spring-saas-support-ai] [           main] r$InitializeUserDetailsManagerConfigurer : Global AuthenticationManager configured with UserDetailsService bean with name inMemoryUserDetailsManager
2026-05-10T10:18:37.266+07:00  INFO 67892 --- [spring-saas-support-ai] [           main] o.s.b.a.e.web.EndpointLinksResolver      : Exposing 3 endpoints beneath base path '/actuator'
2026-05-10T10:18:37.543+07:00  INFO 67892 --- [spring-saas-support-ai] [           main] o.s.b.w.embedded.tomcat.TomcatWebServer  : Tomcat started on port 51008 (http) with context path '/'
2026-05-10T10:18:37.549+07:00  INFO 67892 --- [spring-saas-support-ai] [           main] c.l.s.tenant.TenantIsolationIT           : Started TenantIsolationIT in 4.155 seconds (process running for 4.518)
2026-05-10T10:18:37.900+07:00  INFO 67892 --- [spring-saas-support-ai] [o-auto-1-exec-1] o.a.c.c.C.[Tomcat].[localhost].[/]       : Initializing Spring DispatcherServlet 'dispatcherServlet'
2026-05-10T10:18:37.900+07:00  INFO 67892 --- [spring-saas-support-ai] [o-auto-1-exec-1] o.s.web.servlet.DispatcherServlet        : Initializing Servlet 'dispatcherServlet'
2026-05-10T10:18:37.901+07:00  INFO 67892 --- [spring-saas-support-ai] [o-auto-1-exec-1] o.s.web.servlet.DispatcherServlet        : Completed initialization in 1 ms
]]></system-out>
    <system-err><![CDATA[WARNING: A Java agent has been loaded dynamically (/Users/leonard/.m2/repository/net/bytebuddy/byte-buddy-agent/1.14.19/byte-buddy-agent-1.14.19.jar)
WARNING: If a serviceability tool is in use, please run with -XX:+EnableDynamicAgentLoading to hide this warning
WARNING: If a serviceability tool is not in use, please run with -Djdk.instrument.traceUsage for more information
WARNING: Dynamic loading of agents will be disallowed by default in a future release
]]></system-err>
  </testcase>
  <testcase name="taskExecutor_propagatesTenantContextToAsyncThread" classname="com.leonardtrinh.supportsaas.tenant.TenantIsolationIT" time="0.003"/>
  <testcase name="memberGet_crossTenantAccess_returns404" classname="com.leonardtrinh.supportsaas.tenant.TenantIsolationIT" time="0.516">
    <system-out><![CDATA[2026-05-10T10:18:39.074+07:00  WARN 67892 --- [spring-saas-support-ai] [o-auto-1-exec-5] c.l.s.common.GlobalExceptionHandler      : app_exception errorCode=MEMBER_NOT_FOUND status=404 NOT_FOUND message=Member not found: id=898b050c-a1ad-445d-9d3c-6fbfb2c513f0
]]></system-out>
  </testcase>
  <testcase name="memberRepo_tenantBContext_returnsOnlyTenantBMembers" classname="com.leonardtrinh.supportsaas.tenant.TenantIsolationIT" time="0.466"/>
  <testcase name="invitationRepo_tenantFilter_isolatesInvitations" classname="com.leonardtrinh.supportsaas.tenant.TenantIsolationIT" time="0.473"/>
  <testcase name="membersApi_returnsOnlyCallerTenantMembersBySpecificId" classname="com.leonardtrinh.supportsaas.tenant.TenantIsolationIT" time="0.473"/>
  <testcase name="memberRepo_tenantAContext_returnsOnlyTenantAMembers" classname="com.leonardtrinh.supportsaas.tenant.TenantIsolationIT" time="0.466"/>
</testsuite>